<?xml version="1.0" encoding="UTF-8"?>
<!-- Generated by org.testng.reporters.JUnitXMLReporter -->
<testsuite ignored="0" hostname="MATHAN" failures="1" tests="24" name="Default test" time="20.202" errors="0" timestamp="2024-03-09T16:51:54 IST">
  <testcase classname="SeleniumPack.Test1code" name="WebsiteTitleTesting" time="0.044"/>
  <testcase classname="SeleniumPack.Test1code" name="UsernamePasswordTesting" time="0.146"/>
  <testcase classname="SeleniumPack.Test1code" name="UsernamePasswordTesting" time="0.12"/>
  <testcase classname="SeleniumPack.Test1code" name="UsernamePasswordTesting" time="0.123"/>
  <testcase classname="SeleniumPack.Test1code" name="UsernamePasswordTesting" time="0.12"/>
  <testcase classname="SeleniumPack.Test1code" name="UsernamePasswordTesting" time="0.133"/>
  <testcase classname="SeleniumPack.Test1code" name="UsernamePasswordTesting" time="0.126"/>
  <testcase classname="SeleniumPack.Test1code" name="UsernamePasswordTesting" time="0.125"/>
  <testcase classname="SeleniumPack.Test1code" name="UsernamePasswordTesting" time="0.107"/>
  <testcase classname="SeleniumPack.Test1code" name="UsernamePasswordTesting" time="0.099"/>
  <testcase classname="SeleniumPack.Test1code" name="UsernamePasswordTesting" time="0.105"/>
  <testcase classname="SeleniumPack.Test1code" name="UsernamePasswordTesting" time="0.094"/>
  <testcase classname="SeleniumPack.Test1code" name="UsernamePasswordTesting" time="0.096"/>
  <testcase classname="SeleniumPack.Test1code" name="UsernamePasswordTesting" time="0.105"/>
  <testcase classname="SeleniumPack.Test1code" name="UsernamePasswordTesting" time="0.098"/>
  <testcase classname="SeleniumPack.Test1code" name="UsernamePasswordTesting" time="0.101"/>
  <testcase classname="SeleniumPack.Test1code" name="UsernamePasswordTesting" time="0.094"/>
  <testcase classname="SeleniumPack.Test1code" name="CorrectUserPassTesting" time="0.878"/>
  <testcase classname="SeleniumPack.Test1code" name="MachineModuleTesting" time="11.093">
    <failure type="org.openqa.selenium.ElementNotInteractableException" message="element not interactable
  (Session info: chrome=122.0.6261.112)
Build info: version: &amp;apos;4.17.0&amp;apos;, revision: &amp;apos;e52b1be057*&amp;apos;
System info: os.name: &amp;apos;Windows 11&amp;apos;, os.arch: &amp;apos;amd64&amp;apos;, os.version: &amp;apos;10.0&amp;apos;, java.version: &amp;apos;21.0.1&amp;apos;
Driver info: org.openqa.selenium.chrome.ChromeDriver
Command: [b8649df141c79d4aea2968c5ac8fe150, clickElement {id=f.09F8F26D8FA5ADA566D4CB3779628C42.d.DB8A0C1C7ACB49D50A9BE44F7C5C003A.e.485}]
Capabilities {acceptInsecureCerts: false, browserName: chrome, browserVersion: 122.0.6261.112, chrome: {chromedriverVersion: 122.0.6261.94 (880dbf29479c..., userDataDir: C:\Users\mazzm\AppData\Loca...}, fedcm:accounts: true, goog:chromeOptions: {debuggerAddress: localhost:57916}, networkConnectionEnabled: false, pageLoadStrategy: normal, platformName: windows, proxy: Proxy(), se:cdp: ws://localhost:57916/devtoo..., se:cdpVersion: 122.0.6261.112, setWindowRect: true, strictFileInteractability: false, timeouts: {implicit: 0, pageLoad: 300000, script: 30000}, unhandledPromptBehavior: dismiss and notify, webauthn:extension:credBlob: true, webauthn:extension:largeBlob: true, webauthn:extension:minPinLength: true, webauthn:extension:prf: true, webauthn:virtualAuthenticators: true}
Element: [[ChromeDriver: chrome on windows (b8649df141c79d4aea2968c5ac8fe150)] -&amp;gt; xpath: /html/body/div/div[1]/ul/li[4]/ul/li[1]/div[2]/a]
Session ID: b8649df141c79d4aea2968c5ac8fe150">
      <![CDATA[org.openqa.selenium.ElementNotInteractableException: element not interactable
  (Session info: chrome=122.0.6261.112)
Build info: version: '4.17.0', revision: 'e52b1be057*'
System info: os.name: 'Windows 11', os.arch: 'amd64', os.version: '10.0', java.version: '21.0.1'
Driver info: org.openqa.selenium.chrome.ChromeDriver
Command: [b8649df141c79d4aea2968c5ac8fe150, clickElement {id=f.09F8F26D8FA5ADA566D4CB3779628C42.d.DB8A0C1C7ACB49D50A9BE44F7C5C003A.e.485}]
Capabilities {acceptInsecureCerts: false, browserName: chrome, browserVersion: 122.0.6261.112, chrome: {chromedriverVersion: 122.0.6261.94 (880dbf29479c..., userDataDir: C:\Users\mazzm\AppData\Loca...}, fedcm:accounts: true, goog:chromeOptions: {debuggerAddress: localhost:57916}, networkConnectionEnabled: false, pageLoadStrategy: normal, platformName: windows, proxy: Proxy(), se:cdp: ws://localhost:57916/devtoo..., se:cdpVersion: 122.0.6261.112, setWindowRect: true, strictFileInteractability: false, timeouts: {implicit: 0, pageLoad: 300000, script: 30000}, unhandledPromptBehavior: dismiss and notify, webauthn:extension:credBlob: true, webauthn:extension:largeBlob: true, webauthn:extension:minPinLength: true, webauthn:extension:prf: true, webauthn:virtualAuthenticators: true}
Element: [[ChromeDriver: chrome on windows (b8649df141c79d4aea2968c5ac8fe150)] -> xpath: /html/body/div/div[1]/ul/li[4]/ul/li[1]/div[2]/a]
Session ID: b8649df141c79d4aea2968c5ac8fe150
at java.base/jdk.internal.reflect.DirectConstructorHandleAccessor.newInstance(DirectConstructorHandleAccessor.java:62)
at java.base/java.lang.reflect.Constructor.newInstanceWithCaller(Constructor.java:502)
at java.base/java.lang.reflect.Constructor.newInstance(Constructor.java:486)
at org.openqa.selenium.remote.codec.w3c.W3CHttpResponseCodec.createException(W3CHttpResponseCodec.java:200)
at org.openqa.selenium.remote.codec.w3c.W3CHttpResponseCodec.decode(W3CHttpResponseCodec.java:133)
at org.openqa.selenium.remote.codec.w3c.W3CHttpResponseCodec.decode(W3CHttpResponseCodec.java:52)
at org.openqa.selenium.remote.HttpCommandExecutor.execute(HttpCommandExecutor.java:191)
at org.openqa.selenium.remote.service.DriverCommandExecutor.invokeExecute(DriverCommandExecutor.java:200)
at org.openqa.selenium.remote.service.DriverCommandExecutor.execute(DriverCommandExecutor.java:175)
at org.openqa.selenium.remote.RemoteWebDriver.execute(RemoteWebDriver.java:523)
at org.openqa.selenium.remote.RemoteWebElement.execute(RemoteWebElement.java:224)
at org.openqa.selenium.remote.RemoteWebElement.click(RemoteWebElement.java:77)
at SeleniumPack.Test1code.MachineModuleTesting(Test1code.java:263)
at java.base/jdk.internal.reflect.DirectMethodHandleAccessor.invoke(DirectMethodHandleAccessor.java:103)
at java.base/java.lang.reflect.Method.invoke(Method.java:580)
at org.testng.internal.MethodInvocationHelper.invokeMethod(MethodInvocationHelper.java:133)
at org.testng.internal.TestInvoker.invokeMethod(TestInvoker.java:598)
at org.testng.internal.TestInvoker.invokeTestMethod(TestInvoker.java:173)
at org.testng.internal.MethodRunner.runInSequence(MethodRunner.java:46)
at org.testng.internal.TestInvoker$MethodInvocationAgent.invoke(TestInvoker.java:824)
at org.testng.internal.TestInvoker.invokeTestMethods(TestInvoker.java:146)
at org.testng.internal.TestMethodWorker.invokeTestMethods(TestMethodWorker.java:146)
at org.testng.internal.TestMethodWorker.run(TestMethodWorker.java:128)
at java.base/java.util.ArrayList.forEach(ArrayList.java:1596)
at org.testng.TestRunner.privateRun(TestRunner.java:794)
at org.testng.TestRunner.run(TestRunner.java:596)
at org.testng.SuiteRunner.runTest(SuiteRunner.java:377)
at org.testng.SuiteRunner.runSequentially(SuiteRunner.java:371)
at org.testng.SuiteRunner.privateRun(SuiteRunner.java:332)
at org.testng.SuiteRunner.run(SuiteRunner.java:276)
at org.testng.SuiteRunnerWorker.runSuite(SuiteRunnerWorker.java:53)
at org.testng.SuiteRunnerWorker.run(SuiteRunnerWorker.java:96)
at org.testng.TestNG.runSuitesSequentially(TestNG.java:1212)
at org.testng.TestNG.runSuitesLocally(TestNG.java:1134)
at org.testng.TestNG.runSuites(TestNG.java:1063)
at org.testng.TestNG.run(TestNG.java:1031)
at org.testng.remote.AbstractRemoteTestNG.run(AbstractRemoteTestNG.java:115)
at org.testng.remote.RemoteTestNG.initAndRun(RemoteTestNG.java:251)
at org.testng.remote.RemoteTestNG.main(RemoteTestNG.java:77)
]]>
    </failure>
  </testcase> <!-- MachineModuleTesting -->
  <testcase classname="SeleniumPack.Test1code" name="PartModuleTesting" time="0.0">
    <skipped/>
  </testcase> <!-- PartModuleTesting -->
  <testcase classname="SeleniumPack.Test1code" name="GeneralModuleTesting" time="0.0">
    <skipped/>
  </testcase> <!-- GeneralModuleTesting -->
  <testcase classname="SeleniumPack.Test1code" name="UserModuleTesting" time="0.0">
    <skipped/>
  </testcase> <!-- UserModuleTesting -->
  <testcase classname="SeleniumPack.Test1code" name="DailyProductionStatus" time="0.0">
    <skipped/>
  </testcase> <!-- DailyProductionStatus -->
  <testcase classname="SeleniumPack.Test1code" name="ProductionDowntime" time="0.0">
    <skipped/>
  </testcase> <!-- ProductionDowntime -->
</testsuite> <!-- Default test -->
