<html>
<head>
<title>TestNG:  Test</title>
<link href="../testng.css" rel="stylesheet" type="text/css" />
<link href="../my-testng.css" rel="stylesheet" type="text/css" />

<style type="text/css">
.log { display: none;} 
.stack-trace { display: none;} 
</style>
<script type="text/javascript">
<!--
function flip(e) {
  current = e.style.display;
  if (current == 'block') {
    e.style.display = 'none';
    return 0;
  }
  else {
    e.style.display = 'block';
    return 1;
  }
}

function toggleBox(szDivId, elem, msg1, msg2)
{
  var res = -1;  if (document.getElementById) {
    res = flip(document.getElementById(szDivId));
  }
  else if (document.all) {
    // this is the way old msie versions work
    res = flip(document.all[szDivId]);
  }
  if(elem) {
    if(res == 0) elem.innerHTML = msg1; else elem.innerHTML = msg2;
  }

}

function toggleAllBoxes() {
  if (document.getElementsByTagName) {
    d = document.getElementsByTagName('div');
    for (i = 0; i < d.length; i++) {
      if (d[i].className == 'log') {
        flip(d[i]);
      }
    }
  }
}

// -->
</script>

</head>
<body>
<h2 align='center'>Test</h2><table border='1' align="center">
<tr>
<td>Tests passed/Failed/Skipped:</td><td>19/1/0</td>
</tr><tr>
<td>Started on:</td><td>Sat Jan 27 13:28:20 IST 2024</td>
</tr>
<tr><td>Total time:</td><td>22 seconds (22987 ms)</td>
</tr><tr>
<td>Included groups:</td><td></td>
</tr><tr>
<td>Excluded groups:</td><td></td>
</tr>
</table><p/>
<small><i>(Hover the method name to see the test class name)</i></small><p/>
<table width='100%' border='1' class='invocation-failed'>
<tr><td colspan='4' align='center'><b>FAILED TESTS</b></td></tr>
<tr><td><b>Test method</b></td>
<td width="30%"><b>Exception</b></td>
<td width="10%"><b>Time (seconds)</b></td>
<td><b>Instance</b></td>
</tr>
<tr>
<td title='SeleniumPack.Test1code.MachineModuleTesting()'><b>MachineModuleTesting</b><br>Test class: SeleniumPack.Test1code</td>
<td><div><pre>org.openqa.selenium.NoSuchElementException: no such element: Unable to locate element: {&quot;method&quot;:&quot;css selector&quot;,&quot;selector&quot;:&quot;.fa\-gear&quot;}
  (Session info: chrome=120.0.6099.227)
For documentation on this error, please visit: https://www.selenium.dev/documentation/webdriver/troubleshooting/errors#no-such-element-exception
Build info: version: &apos;4.16.0&apos;, revision: &apos;15400459dd*&apos;
System info: os.name: &apos;Windows 11&apos;, os.arch: &apos;amd64&apos;, os.version: &apos;10.0&apos;, java.version: &apos;21.0.1&apos;
Driver info: org.openqa.selenium.chrome.ChromeDriver
Command: [943df4cedbbb2bace99431492d8989ea, findElement {using=class name, value=fa-gear}]
Capabilities {acceptInsecureCerts: false, browserName: chrome, browserVersion: 120.0.6099.227, chrome: {chromedriverVersion: 120.0.6099.109 (3419140ab66..., userDataDir: C:\Users\mazzm\AppData\Loca...}, fedcm:accounts: true, goog:chromeOptions: {debuggerAddress: localhost:50973}, networkConnectionEnabled: false, pageLoadStrategy: normal, platformName: windows, proxy: Proxy(), se:cdp: ws://localhost:50973/devtoo..., se:cdpVersion: 120.0.6099.227, setWindowRect: true, strictFileInteractability: false, timeouts: {implicit: 0, pageLoad: 300000, script: 30000}, unhandledPromptBehavior: dismiss and notify, webauthn:extension:credBlob: true, webauthn:extension:largeBlob: true, webauthn:extension:minPinLength: true, webauthn:extension:prf: true, webauthn:virtualAuthenticators: true}
Session ID: 943df4cedbbb2bace99431492d8989ea
	at org.openqa.selenium.remote.codec.w3c.W3CHttpResponseCodec.createException(W3CHttpResponseCodec.java:200)
	at org.openqa.selenium.remote.codec.w3c.W3CHttpResponseCodec.decode(W3CHttpResponseCodec.java:133)
	at org.openqa.selenium.remote.codec.w3c.W3CHttpResponseCodec.decode(W3CHttpResponseCodec.java:52)
	at org.openqa.selenium.remote.HttpCommandExecutor.execute(HttpCommandExecutor.java:191)
	at org.openqa.selenium.remote.service.DriverCommandExecutor.invokeExecute(DriverCommandExecutor.java:200)
	at org.openqa.selenium.remote.service.DriverCommandExecutor.execute(DriverCommandExecutor.java:175)
	at org.openqa.selenium.remote.RemoteWebDriver.execute(RemoteWebDriver.java:523)
	at org.openqa.selenium.remote.ElementLocation$ElementFinder$2.findElement(ElementLocation.java:165)
	at org.openqa.selenium.remote.ElementLocation.findElement(ElementLocation.java:66)
	at org.openqa.selenium.remote.RemoteWebDriver.findElement(RemoteWebDriver.java:360)
	at org.openqa.selenium.remote.RemoteWebDriver.findElement(RemoteWebDriver.java:354)
	at SeleniumPack.Test1code.MachineModuleTesting(Test1code.java:203)
	at java.base/java.util.ArrayList.forEach(ArrayList.java:1596)
... Removed 28 stack frames</pre></div><a href='#' onClick='toggleBox("stack-trace1077464378", this, "Click to show all stack frames", "Click to hide stack frames")'>Click to show all stack frames</a>
<div class='stack-trace' id='stack-trace1077464378'><pre>org.openqa.selenium.NoSuchElementException: no such element: Unable to locate element: {&quot;method&quot;:&quot;css selector&quot;,&quot;selector&quot;:&quot;.fa\-gear&quot;}
  (Session info: chrome=120.0.6099.227)
For documentation on this error, please visit: https://www.selenium.dev/documentation/webdriver/troubleshooting/errors#no-such-element-exception
Build info: version: &apos;4.16.0&apos;, revision: &apos;15400459dd*&apos;
System info: os.name: &apos;Windows 11&apos;, os.arch: &apos;amd64&apos;, os.version: &apos;10.0&apos;, java.version: &apos;21.0.1&apos;
Driver info: org.openqa.selenium.chrome.ChromeDriver
Command: [943df4cedbbb2bace99431492d8989ea, findElement {using=class name, value=fa-gear}]
Capabilities {acceptInsecureCerts: false, browserName: chrome, browserVersion: 120.0.6099.227, chrome: {chromedriverVersion: 120.0.6099.109 (3419140ab66..., userDataDir: C:\Users\mazzm\AppData\Loca...}, fedcm:accounts: true, goog:chromeOptions: {debuggerAddress: localhost:50973}, networkConnectionEnabled: false, pageLoadStrategy: normal, platformName: windows, proxy: Proxy(), se:cdp: ws://localhost:50973/devtoo..., se:cdpVersion: 120.0.6099.227, setWindowRect: true, strictFileInteractability: false, timeouts: {implicit: 0, pageLoad: 300000, script: 30000}, unhandledPromptBehavior: dismiss and notify, webauthn:extension:credBlob: true, webauthn:extension:largeBlob: true, webauthn:extension:minPinLength: true, webauthn:extension:prf: true, webauthn:virtualAuthenticators: true}
Session ID: 943df4cedbbb2bace99431492d8989ea
	at java.base/jdk.internal.reflect.DirectConstructorHandleAccessor.newInstance(DirectConstructorHandleAccessor.java:62)
	at java.base/java.lang.reflect.Constructor.newInstanceWithCaller(Constructor.java:502)
	at java.base/java.lang.reflect.Constructor.newInstance(Constructor.java:486)
	at org.openqa.selenium.remote.codec.w3c.W3CHttpResponseCodec.createException(W3CHttpResponseCodec.java:200)
	at org.openqa.selenium.remote.codec.w3c.W3CHttpResponseCodec.decode(W3CHttpResponseCodec.java:133)
	at org.openqa.selenium.remote.codec.w3c.W3CHttpResponseCodec.decode(W3CHttpResponseCodec.java:52)
	at org.openqa.selenium.remote.HttpCommandExecutor.execute(HttpCommandExecutor.java:191)
	at org.openqa.selenium.remote.service.DriverCommandExecutor.invokeExecute(DriverCommandExecutor.java:200)
	at org.openqa.selenium.remote.service.DriverCommandExecutor.execute(DriverCommandExecutor.java:175)
	at org.openqa.selenium.remote.RemoteWebDriver.execute(RemoteWebDriver.java:523)
	at org.openqa.selenium.remote.ElementLocation$ElementFinder$2.findElement(ElementLocation.java:165)
	at org.openqa.selenium.remote.ElementLocation.findElement(ElementLocation.java:66)
	at org.openqa.selenium.remote.RemoteWebDriver.findElement(RemoteWebDriver.java:360)
	at org.openqa.selenium.remote.RemoteWebDriver.findElement(RemoteWebDriver.java:354)
	at SeleniumPack.Test1code.MachineModuleTesting(Test1code.java:203)
	at java.base/jdk.internal.reflect.DirectMethodHandleAccessor.invoke(DirectMethodHandleAccessor.java:103)
	at java.base/java.lang.reflect.Method.invoke(Method.java:580)
	at org.testng.internal.MethodInvocationHelper.invokeMethod(MethodInvocationHelper.java:133)
	at org.testng.internal.TestInvoker.invokeMethod(TestInvoker.java:598)
	at org.testng.internal.TestInvoker.invokeTestMethod(TestInvoker.java:173)
	at org.testng.internal.MethodRunner.runInSequence(MethodRunner.java:46)
	at org.testng.internal.TestInvoker$MethodInvocationAgent.invoke(TestInvoker.java:824)
	at org.testng.internal.TestInvoker.invokeTestMethods(TestInvoker.java:146)
	at org.testng.internal.TestMethodWorker.invokeTestMethods(TestMethodWorker.java:146)
	at org.testng.internal.TestMethodWorker.run(TestMethodWorker.java:128)
	at java.base/java.util.ArrayList.forEach(ArrayList.java:1596)
	at org.testng.TestRunner.privateRun(TestRunner.java:794)
	at org.testng.TestRunner.run(TestRunner.java:596)
	at org.testng.SuiteRunner.runTest(SuiteRunner.java:377)
	at org.testng.SuiteRunner.runSequentially(SuiteRunner.java:371)
	at org.testng.SuiteRunner.privateRun(SuiteRunner.java:332)
	at org.testng.SuiteRunner.run(SuiteRunner.java:276)
	at org.testng.SuiteRunnerWorker.runSuite(SuiteRunnerWorker.java:53)
	at org.testng.SuiteRunnerWorker.run(SuiteRunnerWorker.java:96)
	at org.testng.TestNG.runSuitesSequentially(TestNG.java:1212)
	at org.testng.TestNG.runSuitesLocally(TestNG.java:1134)
	at org.testng.TestNG.runSuites(TestNG.java:1063)
	at org.testng.TestNG.run(TestNG.java:1031)
	at org.testng.remote.AbstractRemoteTestNG.run(AbstractRemoteTestNG.java:115)
	at org.testng.remote.RemoteTestNG.initAndRun(RemoteTestNG.java:251)
	at org.testng.remote.RemoteTestNG.main(RemoteTestNG.java:77)
</pre></div></td>
<td>5</td>
<td>SeleniumPack.Test1code@3e58a80e</td></tr>
</table><p>
<table width='100%' border='1' class='invocation-passed'>
<tr><td colspan='4' align='center'><b>PASSED TESTS</b></td></tr>
<tr><td><b>Test method</b></td>
<td width="30%"><b>Exception</b></td>
<td width="10%"><b>Time (seconds)</b></td>
<td><b>Instance</b></td>
</tr>
<tr>
<td title='SeleniumPack.Test1code.UsernamePasswordTesting()'><b>UsernamePasswordTesting</b><br>Test class: SeleniumPack.Test1code<br>Parameters: user-789, changeme</td>
<td></td>
<td>0</td>
<td>SeleniumPack.Test1code@3e58a80e</td></tr>
<tr>
<td title='SeleniumPack.Test1code.UsernamePasswordTesting()'><b>UsernamePasswordTesting</b><br>Test class: SeleniumPack.Test1code<br>Parameters: pass_word, pass@word</td>
<td></td>
<td>0</td>
<td>SeleniumPack.Test1code@3e58a80e</td></tr>
<tr>
<td title='SeleniumPack.Test1code.UsernamePasswordTesting()'><b>UsernamePasswordTesting</b><br>Test class: SeleniumPack.Test1code<br>Parameters: bobJones, securepass</td>
<td></td>
<td>0</td>
<td>SeleniumPack.Test1code@3e58a80e</td></tr>
<tr>
<td title='SeleniumPack.Test1code.WebsiteTitleTesting()'><b>WebsiteTitleTesting</b><br>Test class: SeleniumPack.Test1code</td>
<td></td>
<td>0</td>
<td>SeleniumPack.Test1code@3e58a80e</td></tr>
<tr>
<td title='SeleniumPack.Test1code.UsernamePasswordTesting()'><b>UsernamePasswordTesting</b><br>Test class: SeleniumPack.Test1code<br>Parameters: user_789, welcome</td>
<td></td>
<td>0</td>
<td>SeleniumPack.Test1code@3e58a80e</td></tr>
<tr>
<td title='SeleniumPack.Test1code.UsernamePasswordTesting()'><b>UsernamePasswordTesting</b><br>Test class: SeleniumPack.Test1code<br>Parameters: user_10, 123456</td>
<td></td>
<td>0</td>
<td>SeleniumPack.Test1code@3e58a80e</td></tr>
<tr>
<td title='SeleniumPack.Test1code.UsernamePasswordTesting()'><b>UsernamePasswordTesting</b><br>Test class: SeleniumPack.Test1code<br>Parameters: user_123@example.com, password1</td>
<td></td>
<td>0</td>
<td>SeleniumPack.Test1code@3e58a80e</td></tr>
<tr>
<td title='SeleniumPack.Test1code.UsernamePasswordTesting()'><b>UsernamePasswordTesting</b><br>Test class: SeleniumPack.Test1code<br>Parameters: jane.doe@example.com, admin123</td>
<td></td>
<td>0</td>
<td>SeleniumPack.Test1code@3e58a80e</td></tr>
<tr>
<td title='SeleniumPack.Test1code.UsernamePasswordTesting()'><b>UsernamePasswordTesting</b><br>Test class: SeleniumPack.Test1code<br>Parameters: i_love_you, iloveyou</td>
<td></td>
<td>0</td>
<td>SeleniumPack.Test1code@3e58a80e</td></tr>
<tr>
<td title='SeleniumPack.Test1code.UsernamePasswordTesting()'><b>UsernamePasswordTesting</b><br>Test class: SeleniumPack.Test1code<br>Parameters: invalid_user@example.com, invalid_password</td>
<td></td>
<td>0</td>
<td>SeleniumPack.Test1code@3e58a80e</td></tr>
<tr>
<td title='SeleniumPack.Test1code.UsernamePasswordTesting()'><b>UsernamePasswordTesting</b><br>Test class: SeleniumPack.Test1code<br>Parameters: user.email@example.com, wonderland</td>
<td></td>
<td>0</td>
<td>SeleniumPack.Test1code@3e58a80e</td></tr>
<tr>
<td title='SeleniumPack.Test1code.UsernamePasswordTesting()'><b>UsernamePasswordTesting</b><br>Test class: SeleniumPack.Test1code<br>Parameters: user123, myp@ss</td>
<td></td>
<td>0</td>
<td>SeleniumPack.Test1code@3e58a80e</td></tr>
<tr>
<td title='SeleniumPack.Test1code.CorrectUserPassTesting()'><b>CorrectUserPassTesting</b><br>Test class: SeleniumPack.Test1code</td>
<td></td>
<td>1</td>
<td>SeleniumPack.Test1code@3e58a80e</td></tr>
<tr>
<td title='SeleniumPack.Test1code.UsernamePasswordTesting()'><b>UsernamePasswordTesting</b><br>Test class: SeleniumPack.Test1code<br>Parameters: john-doe@example.com, password2</td>
<td></td>
<td>0</td>
<td>SeleniumPack.Test1code@3e58a80e</td></tr>
<tr>
<td title='SeleniumPack.Test1code.UsernamePasswordTesting()'><b>UsernamePasswordTesting</b><br>Test class: SeleniumPack.Test1code<br>Parameters: user@company.com, test123</td>
<td></td>
<td>0</td>
<td>SeleniumPack.Test1code@3e58a80e</td></tr>
<tr>
<td title='SeleniumPack.Test1code.UsernamePasswordTesting()'><b>UsernamePasswordTesting</b><br>Test class: SeleniumPack.Test1code<br>Parameters: user_456, letmein</td>
<td></td>
<td>0</td>
<td>SeleniumPack.Test1code@3e58a80e</td></tr>
<tr>
<td title='SeleniumPack.Test1code.UsernamePasswordTesting()'><b>UsernamePasswordTesting</b><br>Test class: SeleniumPack.Test1code<br>Parameters: jane.doe@example.com, incorrect_pass</td>
<td></td>
<td>0</td>
<td>SeleniumPack.Test1code@3e58a80e</td></tr>
<tr>
<td title='SeleniumPack.Test1code.UsernamePasswordTesting()'><b>UsernamePasswordTesting</b><br>Test class: SeleniumPack.Test1code<br>Parameters: user_123@example.com, wrong_password</td>
<td></td>
<td>0</td>
<td>SeleniumPack.Test1code@3e58a80e</td></tr>
<tr>
<td title='SeleniumPack.Test1code.UsernamePasswordTesting()'><b>UsernamePasswordTesting</b><br>Test class: SeleniumPack.Test1code<br>Parameters: user_abc, password123</td>
<td></td>
<td>0</td>
<td>SeleniumPack.Test1code@3e58a80e</td></tr>
</table><p>
</body>
</html>