<?xml version="1.0" encoding="UTF-8"?>
<!-- Generated by org.testng.reporters.JUnitXMLReporter -->
<testsuite ignored="0" hostname="MATHAN" failures="1" tests="20" name="Test" time="22.987" errors="0" timestamp="2024-01-27T13:28:43 IST">
  <testcase classname="SeleniumPack.Test1code" name="WebsiteTitleTesting" time="0.057"/>
  <testcase classname="SeleniumPack.Test1code" name="UsernamePasswordTesting" time="0.22"/>
  <testcase classname="SeleniumPack.Test1code" name="UsernamePasswordTesting" time="0.186"/>
  <testcase classname="SeleniumPack.Test1code" name="UsernamePasswordTesting" time="0.183"/>
  <testcase classname="SeleniumPack.Test1code" name="UsernamePasswordTesting" time="0.173"/>
  <testcase classname="SeleniumPack.Test1code" name="UsernamePasswordTesting" time="0.209"/>
  <testcase classname="SeleniumPack.Test1code" name="UsernamePasswordTesting" time="0.201"/>
  <testcase classname="SeleniumPack.Test1code" name="UsernamePasswordTesting" time="0.192"/>
  <testcase classname="SeleniumPack.Test1code" name="UsernamePasswordTesting" time="0.196"/>
  <testcase classname="SeleniumPack.Test1code" name="UsernamePasswordTesting" time="0.171"/>
  <testcase classname="SeleniumPack.Test1code" name="UsernamePasswordTesting" time="0.186"/>
  <testcase classname="SeleniumPack.Test1code" name="UsernamePasswordTesting" time="0.172"/>
  <testcase classname="SeleniumPack.Test1code" name="UsernamePasswordTesting" time="0.175"/>
  <testcase classname="SeleniumPack.Test1code" name="UsernamePasswordTesting" time="0.181"/>
  <testcase classname="SeleniumPack.Test1code" name="UsernamePasswordTesting" time="0.177"/>
  <testcase classname="SeleniumPack.Test1code" name="UsernamePasswordTesting" time="0.179"/>
  <testcase classname="SeleniumPack.Test1code" name="UsernamePasswordTesting" time="0.173"/>
  <testcase classname="SeleniumPack.Test1code" name="UsernamePasswordTesting" time="0.185"/>
  <testcase classname="SeleniumPack.Test1code" name="CorrectUserPassTesting" time="1.479"/>
  <testcase classname="SeleniumPack.Test1code" name="MachineModuleTesting" time="5.368">
    <failure type="org.openqa.selenium.NoSuchElementException" message="no such element: Unable to locate element: {&amp;quot;method&amp;quot;:&amp;quot;css selector&amp;quot;,&amp;quot;selector&amp;quot;:&amp;quot;.fa\-gear&amp;quot;}
  (Session info: chrome=120.0.6099.227)
For documentation on this error, please visit: https://www.selenium.dev/documentation/webdriver/troubleshooting/errors#no-such-element-exception
Build info: version: &amp;apos;4.16.0&amp;apos;, revision: &amp;apos;15400459dd*&amp;apos;
System info: os.name: &amp;apos;Windows 11&amp;apos;, os.arch: &amp;apos;amd64&amp;apos;, os.version: &amp;apos;10.0&amp;apos;, java.version: &amp;apos;21.0.1&amp;apos;
Driver info: org.openqa.selenium.chrome.ChromeDriver
Command: [943df4cedbbb2bace99431492d8989ea, findElement {using=class name, value=fa-gear}]
Capabilities {acceptInsecureCerts: false, browserName: chrome, browserVersion: 120.0.6099.227, chrome: {chromedriverVersion: 120.0.6099.109 (3419140ab66..., userDataDir: C:\Users\mazzm\AppData\Loca...}, fedcm:accounts: true, goog:chromeOptions: {debuggerAddress: localhost:50973}, networkConnectionEnabled: false, pageLoadStrategy: normal, platformName: windows, proxy: Proxy(), se:cdp: ws://localhost:50973/devtoo..., se:cdpVersion: 120.0.6099.227, setWindowRect: true, strictFileInteractability: false, timeouts: {implicit: 0, pageLoad: 300000, script: 30000}, unhandledPromptBehavior: dismiss and notify, webauthn:extension:credBlob: true, webauthn:extension:largeBlob: true, webauthn:extension:minPinLength: true, webauthn:extension:prf: true, webauthn:virtualAuthenticators: true}
Session ID: 943df4cedbbb2bace99431492d8989ea">
      <![CDATA[org.openqa.selenium.NoSuchElementException: no such element: Unable to locate element: {"method":"css selector","selector":".fa\-gear"}
  (Session info: chrome=120.0.6099.227)
For documentation on this error, please visit: https://www.selenium.dev/documentation/webdriver/troubleshooting/errors#no-such-element-exception
Build info: version: '4.16.0', revision: '15400459dd*'
System info: os.name: 'Windows 11', os.arch: 'amd64', os.version: '10.0', java.version: '21.0.1'
Driver info: org.openqa.selenium.chrome.ChromeDriver
Command: [943df4cedbbb2bace99431492d8989ea, findElement {using=class name, value=fa-gear}]
Capabilities {acceptInsecureCerts: false, browserName: chrome, browserVersion: 120.0.6099.227, chrome: {chromedriverVersion: 120.0.6099.109 (3419140ab66..., userDataDir: C:\Users\mazzm\AppData\Loca...}, fedcm:accounts: true, goog:chromeOptions: {debuggerAddress: localhost:50973}, networkConnectionEnabled: false, pageLoadStrategy: normal, platformName: windows, proxy: Proxy(), se:cdp: ws://localhost:50973/devtoo..., se:cdpVersion: 120.0.6099.227, setWindowRect: true, strictFileInteractability: false, timeouts: {implicit: 0, pageLoad: 300000, script: 30000}, unhandledPromptBehavior: dismiss and notify, webauthn:extension:credBlob: true, webauthn:extension:largeBlob: true, webauthn:extension:minPinLength: true, webauthn:extension:prf: true, webauthn:virtualAuthenticators: true}
Session ID: 943df4cedbbb2bace99431492d8989ea
at org.openqa.selenium.remote.codec.w3c.W3CHttpResponseCodec.createException(W3CHttpResponseCodec.java:200)
at org.openqa.selenium.remote.codec.w3c.W3CHttpResponseCodec.decode(W3CHttpResponseCodec.java:133)
at org.openqa.selenium.remote.codec.w3c.W3CHttpResponseCodec.decode(W3CHttpResponseCodec.java:52)
at org.openqa.selenium.remote.HttpCommandExecutor.execute(HttpCommandExecutor.java:191)
at org.openqa.selenium.remote.service.DriverCommandExecutor.invokeExecute(DriverCommandExecutor.java:200)
at org.openqa.selenium.remote.service.DriverCommandExecutor.execute(DriverCommandExecutor.java:175)
at org.openqa.selenium.remote.RemoteWebDriver.execute(RemoteWebDriver.java:523)
at org.openqa.selenium.remote.ElementLocation$ElementFinder$2.findElement(ElementLocation.java:165)
at org.openqa.selenium.remote.ElementLocation.findElement(ElementLocation.java:66)
at org.openqa.selenium.remote.RemoteWebDriver.findElement(RemoteWebDriver.java:360)
at org.openqa.selenium.remote.RemoteWebDriver.findElement(RemoteWebDriver.java:354)
at SeleniumPack.Test1code.MachineModuleTesting(Test1code.java:203)
at java.base/java.util.ArrayList.forEach(ArrayList.java:1596)
... Removed 28 stack frames]]>
    </failure>
  </testcase> <!-- MachineModuleTesting -->
</testsuite> <!-- Test -->
